#
# A fatal error has been detected by the Java Runtime Environment:
#
#  EXCEPTION_ACCESS_VIOLATION (0xc0000005) at pc=0x00007fff670a74f9, pid=3964, tid=6196
#
# JRE version: Java(TM) SE Runtime Environment (8.0_91-b15) (build 1.8.0_91-b15)
# Java VM: Java HotSpot(TM) 64-Bit Server VM (25.91-b15 mixed mode windows-amd64 compressed oops)
# Problematic frame:
# C  [ntdll.dll+0x574f9]
#
# Failed to write core dump. Minidumps are not enabled by default on client versions of Windows
#
# If you would like to submit a bug report, please visit:
#   http://bugreport.java.com/bugreport/crash.jsp
#

---------------  T H R E A D  ---------------

Current thread (0x000000001db9c000):  JavaThread "main-AWTAnimator#00" [_thread_in_Java, id=6196, stack(0x0000000027840000,0x0000000027940000)]

siginfo: ExceptionCode=0xc0000005, reading address 0x0000000000000024

Registers:
RAX=0x000000001f929a40, RBX=0x0000000001250000, RCX=0x0000000000000000, RDX=0x0000000023c21a7c
RSP=0x000000002793d640, RBP=0x0000000001250000, RSI=0x000000001f929a50, RDI=0x0000000000000000
R8 =0x000000001f929a50, R9 =0x00007fff47c28730, R10=0x0000000000000000, R11=0x000000002793d610
R12=0x0000000000000001, R13=0x0000000000000000, R14=0x0000000000000001, R15=0x0000000000000000
RIP=0x00007fff670a74f9, EFLAGS=0x0000000000010202

Top of Stack: (sp=0x000000002793d640)
0x000000002793d640:   000000002d5bcd60 0000000000000000
0x000000002793d650:   000000002793d650 0000585e1bd16da8
0x000000002793d660:   0000000000000000 0000000000000001
0x000000002793d670:   0000000000000001 000000001f929a50
0x000000002793d680:   00007fff670a7380 00007fff47bf7ecb
0x000000002793d690:   0000000000000001 0000000001250000
0x000000002793d6a0:   000000002d5bc250 0000000060ef58b5
0x000000002793d6b0:   000000002793d760 0000000000000000
0x000000002793d6c0:   000000001db9c000 0000000000000001
0x000000002793d6d0:   000000076f241f70 0000000000000001
0x000000002793d6e0:   000000002286d140 0000000060c68d94
0x000000002793d6f0:   000000001db9c000 00007fff47bf99b1
0x000000002793d700:   0000000000000000 000000001f929a50
0x000000002793d710:   000000001db9c000 0000000060ee3992
0x000000002793d720:   0000000000000001 0000000022869c50
0x000000002793d730:   000000001db9c000 000000001f9299b0 

Instructions: (pc=0x00007fff670a74f9)
0x00007fff670a74d9:   24 38 48 8b 40 f0 48 8b 7c 24 50 0f b7 c9 48 2b
0x00007fff670a74e9:   c1 48 83 c4 40 5b c3 0f b7 48 08 eb e5 48 8b cf
0x00007fff670a74f9:   0f b7 49 24 44 8b c1 e9 0b ff ff ff 0f b7 48 08
0x00007fff670a7509:   e9 fe fe ff ff cc cc cc cc cc cc 4c 8b c1 48 81 


Register to memory mapping:

RAX=
[error occurred during error reporting (printing register info), id 0xc0000005]

Stack: [0x0000000027840000,0x0000000027940000],  sp=0x000000002793d640,  free space=1013k
Native frames: (J=compiled Java code, j=interpreted, Vv=VM code, C=native code)
C  [ntdll.dll+0x574f9]
C  [AcLayers.DLL+0x7ecb]
C  [msvcr100.dll+0x68d94]
V  [jvm.dll+0x203992]
V  [jvm.dll+0x203b5b]
C  0x0000000002ac78ad

Java frames: (J=compiled Java code, j=interpreted, Vv=VM code)
v  ~DeoptimizationBlob
j  java.net.URLClassLoader.findClass(Ljava/lang/String;)Ljava/lang/Class;+44
J 196 C1 java.lang.ClassLoader.loadClass(Ljava/lang/String;Z)Ljava/lang/Class; (122 bytes) @ 0x0000000002bf8864 [0x0000000002bf7ee0+0x984]
J 196 C1 java.lang.ClassLoader.loadClass(Ljava/lang/String;Z)Ljava/lang/Class; (122 bytes) @ 0x0000000002bf85fc [0x0000000002bf7ee0+0x71c]
J 342 C1 sun.misc.Launcher$AppClassLoader.loadClass(Ljava/lang/String;Z)Ljava/lang/Class; (85 bytes) @ 0x0000000002c45e04 [0x0000000002c45420+0x9e4]
J 341 C1 java.lang.ClassLoader.loadClass(Ljava/lang/String;)Ljava/lang/Class; (7 bytes) @ 0x0000000002c4501c [0x0000000002c44f00+0x11c]
v  ~StubRoutines::call_stub
j  java.lang.Class.getDeclaredFields0(Z)[Ljava/lang/reflect/Field;+0
J 1181 C2 java.lang.Class.privateGetDeclaredFields(Z)[Ljava/lang/reflect/Field; (67 bytes) @ 0x0000000002f09498 [0x0000000002f09380+0x118]
J 1297 C1 java.lang.Class.getField0(Ljava/lang/String;)Ljava/lang/reflect/Field; (89 bytes) @ 0x0000000002f4ed34 [0x0000000002f4eca0+0x94]
j  java.lang.Class.getField(Ljava/lang/String;)Ljava/lang/reflect/Field;+11
J 1196 C2 com.sun.jna.Native.getLibraryOptions(Ljava/lang/Class;)Ljava/util/Map; (315 bytes) @ 0x0000000002f193cc [0x0000000002f18e00+0x5cc]
J 1157 C1 com.sun.jna.Structure.setAlignType(I)V (44 bytes) @ 0x0000000002ee5b44 [0x0000000002ee59a0+0x1a4]
J 1170 C1 com.sun.jna.Structure.<init>(Lcom/sun/jna/Pointer;ILcom/sun/jna/TypeMapper;)V (79 bytes) @ 0x0000000002ef7284 [0x0000000002ef6fc0+0x2c4]
J 1146 C1 com.sun.jna.Structure.<init>()V (6 bytes) @ 0x0000000002ed073c [0x0000000002ed0600+0x13c]
j  vr.VRControllerState_t.<init>()V+1
j  helloVr.Application.handleInput(Lcom/jogamp/opengl/GL4;)V+97
j  helloVr.Application.display(Lcom/jogamp/opengl/GLAutoDrawable;)V+14
j  jogamp.opengl.GLDrawableHelper.displayImpl(Lcom/jogamp/opengl/GLAutoDrawable;)V+62
j  jogamp.opengl.GLDrawableHelper.display(Lcom/jogamp/opengl/GLAutoDrawable;)V+2
j  jogamp.opengl.GLAutoDrawableBase$2.run()V+59
j  jogamp.opengl.GLDrawableHelper.invokeGLImpl(Lcom/jogamp/opengl/GLDrawable;Lcom/jogamp/opengl/GLContext;Ljava/lang/Runnable;Ljava/lang/Runnable;)V+203
j  jogamp.opengl.GLDrawableHelper.invokeGL(Lcom/jogamp/opengl/GLDrawable;Lcom/jogamp/opengl/GLContext;Ljava/lang/Runnable;Ljava/lang/Runnable;)V+72
j  com.jogamp.newt.opengl.GLWindow.display()V+90
j  com.jogamp.opengl.util.AWTAnimatorImpl.display(Ljava/util/ArrayList;ZZ)V+68
j  com.jogamp.opengl.util.AnimatorBase.display()V+16
j  com.jogamp.opengl.util.Animator$MainLoop.run()V+494
j  java.lang.Thread.run()V+11
v  ~StubRoutines::call_stub

---------------  P R O C E S S  ---------------

Java Threads: ( => current thread )
  0x0000000022ab3800 JavaThread "DestroyJavaVM" [_thread_blocked, id=4224, stack(0x0000000002850000,0x0000000002950000)]
=>0x000000001db9c000 JavaThread "main-AWTAnimator#00" [_thread_in_Java, id=6196, stack(0x0000000027840000,0x0000000027940000)]
  0x000000001d8c0000 JavaThread "main-Display-.windows_nil-1-EDT-1" daemon [_thread_blocked, id=9700, stack(0x0000000000800000,0x0000000000900000)]
  0x000000001fb7c800 JavaThread "main-SharedResourceRunner" daemon [_thread_blocked, id=4924, stack(0x0000000025880000,0x0000000025980000)]
  0x000000001f9db800 JavaThread "org.netbeans.modules.debugger.jpda.visual AWT Access Loop" daemon [_thread_blocked, id=5992, stack(0x0000000000990000,0x0000000000a90000)]
  0x000000001fb4a800 JavaThread "AWT-Windows" daemon [_thread_in_native, id=13380, stack(0x0000000000210000,0x0000000000310000)]
  0x000000001fb58800 JavaThread "Java2D Disposer" daemon [_thread_blocked, id=8576, stack(0x0000000000010000,0x0000000000110000)]
  0x000000001d9ea000 JavaThread "Service Thread" daemon [_thread_blocked, id=7496, stack(0x000000001f320000,0x000000001f420000)]
  0x000000001d997000 JavaThread "C1 CompilerThread3" daemon [_thread_blocked, id=1048, stack(0x000000001f220000,0x000000001f320000)]
  0x000000001d992800 JavaThread "C2 CompilerThread2" daemon [_thread_in_native, id=9228, stack(0x000000001f120000,0x000000001f220000)]
  0x000000001d991800 JavaThread "C2 CompilerThread1" daemon [_thread_in_native, id=5036, stack(0x000000001f020000,0x000000001f120000)]
  0x000000001d947000 JavaThread "C2 CompilerThread0" daemon [_thread_in_native, id=824, stack(0x000000001ef20000,0x000000001f020000)]
  0x000000001d92b800 JavaThread "JDWP Command Reader" daemon [_thread_in_native, id=13548, stack(0x000000001ee20000,0x000000001ef20000)]
  0x000000001d928000 JavaThread "JDWP Event Helper Thread" daemon [_thread_blocked, id=11180, stack(0x000000001ed20000,0x000000001ee20000)]
  0x000000001d922800 JavaThread "JDWP Transport Listener: dt_shmem" daemon [_thread_blocked, id=13632, stack(0x000000001ec20000,0x000000001ed20000)]
  0x000000001d90e000 JavaThread "Attach Listener" daemon [_thread_blocked, id=6860, stack(0x000000001eb10000,0x000000001ec10000)]
  0x000000001d90d000 JavaThread "Signal Dispatcher" daemon [_thread_blocked, id=12444, stack(0x000000001ea10000,0x000000001eb10000)]
  0x000000001d8b5000 JavaThread "Finalizer" daemon [_thread_blocked, id=13472, stack(0x000000001e800000,0x000000001e900000)]
  0x000000001d886000 JavaThread "Reference Handler" daemon [_thread_blocked, id=7884, stack(0x000000001e700000,0x000000001e800000)]

Other Threads:
  0x000000001c532000 VMThread [stack: 0x000000001e600000,0x000000001e700000] [id=3668]
  0x000000001da3f800 WatcherThread [stack: 0x000000001f420000,0x000000001f520000] [id=12368]

VM state:not at safepoint (normal execution)

VM Mutex/Monitor currently owned by a thread: None

Heap:
 PSYoungGen      total 76288K, used 30420K [0x000000076b180000, 0x0000000774680000, 0x00000007c0000000)
  eden space 65536K, 32% used [0x000000076b180000,0x000000076c61e0a8,0x000000076f180000)
  from space 10752K, 86% used [0x000000076f180000,0x000000076fa97258,0x000000076fc00000)
  to   space 10752K, 0% used [0x0000000773c00000,0x0000000773c00000,0x0000000774680000)
 ParOldGen       total 175104K, used 36896K [0x00000006c1400000, 0x00000006cbf00000, 0x000000076b180000)
  object space 175104K, 21% used [0x00000006c1400000,0x00000006c3808030,0x00000006cbf00000)
 Metaspace       used 16792K, capacity 17132K, committed 17536K, reserved 1064960K
  class space    used 1707K, capacity 1795K, committed 1920K, reserved 1048576K

Card table byte_map: [0x0000000011e40000,0x0000000012640000] byte_map_base: 0x000000000e836000

Marking Bits: (ParMarkBitMap*) 0x00000000614f2f70
 Begin Bits: [0x0000000013390000, 0x0000000017340000)
 End Bits:   [0x0000000017340000, 0x000000001b2f0000)

Polling page: 0x0000000001230000

CodeCache: size=245760Kb used=6254Kb max_used=6254Kb free=239505Kb
 bounds [0x0000000002a80000, 0x00000000030a0000, 0x0000000011a80000]
 total_blobs=2301 nmethods=1492 adapters=729
 compilation: enabled

Compilation events (10 events):
Event: 3.667 Thread 0x000000001d997000 1513       3       com.sun.jna.Structure::getNativeSize (6 bytes)
Event: 3.667 Thread 0x000000001d997000 nmethod 1513 0x0000000003096f10 code [0x0000000003097080, 0x0000000003097228]
Event: 3.667 Thread 0x000000001d997000 1514       3       com.sun.jna.Structure::getFieldList (113 bytes)
Event: 3.668 Thread 0x000000001d997000 nmethod 1514 0x00000000030972d0 code [0x0000000003097540, 0x00000000030983d8]
Event: 3.668 Thread 0x000000001d997000 1515       3       com.sun.jna.Native::getNativeSize (262 bytes)
Event: 3.669 Thread 0x000000001d997000 nmethod 1515 0x0000000003098ad0 code [0x0000000003098de0, 0x000000000309a518]
Event: 3.669 Thread 0x000000001d997000 1517   !   3       com.sun.jna.Native::getNativeSize (139 bytes)
Event: 3.670 Thread 0x000000001d997000 nmethod 1517 0x000000000309ab50 code [0x000000000309aec0, 0x000000000309c9a8]
Event: 3.670 Thread 0x000000001d997000 1516       3       java.util.ArrayList::addAll (92 bytes)
Event: 3.671 Thread 0x000000001d997000 nmethod 1516 0x000000000309dcd0 code [0x000000000309dee0, 0x000000000309e898]

GC Heap History (6 events):
Event: 2.411 GC heap before
{Heap before GC invocations=1 (full 0):
 PSYoungGen      total 76288K, used 65536K [0x000000076b180000, 0x0000000770680000, 0x00000007c0000000)
  eden space 65536K, 100% used [0x000000076b180000,0x000000076f180000,0x000000076f180000)
  from space 10752K, 0% used [0x000000076fc00000,0x000000076fc00000,0x0000000770680000)
  to   space 10752K, 0% used [0x000000076f180000,0x000000076f180000,0x000000076fc00000)
 ParOldGen       total 175104K, used 0K [0x00000006c1400000, 0x00000006cbf00000, 0x000000076b180000)
  object space 175104K, 0% used [0x00000006c1400000,0x00000006c1400000,0x00000006cbf00000)
 Metaspace       used 15440K, capacity 15618K, committed 16000K, reserved 1062912K
  class space    used 1534K, capacity 1604K, committed 1664K, reserved 1048576K
Event: 2.424 GC heap after
Heap after GC invocations=1 (full 0):
 PSYoungGen      total 76288K, used 6627K [0x000000076b180000, 0x0000000770680000, 0x00000007c0000000)
  eden space 65536K, 0% used [0x000000076b180000,0x000000076b180000,0x000000076f180000)
  from space 10752K, 61% used [0x000000076f180000,0x000000076f7f8ec0,0x000000076fc00000)
  to   space 10752K, 0% used [0x000000076fc00000,0x000000076fc00000,0x0000000770680000)
 ParOldGen       total 175104K, used 36880K [0x00000006c1400000, 0x00000006cbf00000, 0x000000076b180000)
  object space 175104K, 21% used [0x00000006c1400000,0x00000006c3804030,0x00000006cbf00000)
 Metaspace       used 15440K, capacity 15618K, committed 16000K, reserved 1062912K
  class space    used 1534K, capacity 1604K, committed 1664K, reserved 1048576K
}
Event: 2.778 GC heap before
{Heap before GC invocations=2 (full 0):
 PSYoungGen      total 76288K, used 72163K [0x000000076b180000, 0x0000000770680000, 0x00000007c0000000)
  eden space 65536K, 100% used [0x000000076b180000,0x000000076f180000,0x000000076f180000)
  from space 10752K, 61% used [0x000000076f180000,0x000000076f7f8ec0,0x000000076fc00000)
  to   space 10752K, 0% used [0x000000076fc00000,0x000000076fc00000,0x0000000770680000)
 ParOldGen       total 175104K, used 36880K [0x00000006c1400000, 0x00000006cbf00000, 0x000000076b180000)
  object space 175104K, 21% used [0x00000006c1400000,0x00000006c3804030,0x00000006cbf00000)
 Metaspace       used 16035K, capacity 16250K, committed 16512K, reserved 1064960K
  class space    used 1579K, capacity 1642K, committed 1664K, reserved 1048576K
Event: 2.782 GC heap after
Heap after GC invocations=2 (full 0):
 PSYoungGen      total 76288K, used 4528K [0x000000076b180000, 0x0000000770680000, 0x00000007c0000000)
  eden space 65536K, 0% used [0x000000076b180000,0x000000076b180000,0x000000076f180000)
  from space 10752K, 42% used [0x000000076fc00000,0x000000077006c008,0x0000000770680000)
  to   space 10752K, 0% used [0x000000076f180000,0x000000076f180000,0x000000076fc00000)
 ParOldGen       total 175104K, used 36888K [0x00000006c1400000, 0x00000006cbf00000, 0x000000076b180000)
  object space 175104K, 21% used [0x00000006c1400000,0x00000006c3806030,0x00000006cbf00000)
 Metaspace       used 16035K, capacity 16250K, committed 16512K, reserved 1064960K
  class space    used 1579K, capacity 1642K, committed 1664K, reserved 1048576K
}
Event: 3.277 GC heap before
{Heap before GC invocations=3 (full 0):
 PSYoungGen      total 76288K, used 70064K [0x000000076b180000, 0x0000000770680000, 0x00000007c0000000)
  eden space 65536K, 100% used [0x000000076b180000,0x000000076f180000,0x000000076f180000)
  from space 10752K, 42% used [0x000000076fc00000,0x000000077006c008,0x0000000770680000)
  to   space 10752K, 0% used [0x000000076f180000,0x000000076f180000,0x000000076fc00000)
 ParOldGen       total 175104K, used 36888K [0x00000006c1400000, 0x00000006cbf00000, 0x000000076b180000)
  object space 175104K, 21% used [0x00000006c1400000,0x00000006c3806030,0x00000006cbf00000)
 Metaspace       used 16456K, capacity 16780K, committed 17152K, reserved 1064960K
  class space    used 1643K, capacity 1725K, committed 1792K, reserved 1048576K
Event: 3.287 GC heap after
Heap after GC invocations=3 (full 0):
 PSYoungGen      total 76288K, used 9308K [0x000000076b180000, 0x0000000774680000, 0x00000007c0000000)
  eden space 65536K, 0% used [0x000000076b180000,0x000000076b180000,0x000000076f180000)
  from space 10752K, 86% used [0x000000076f180000,0x000000076fa97258,0x000000076fc00000)
  to   space 10752K, 0% used [0x0000000773c00000,0x0000000773c00000,0x0000000774680000)
 ParOldGen       total 175104K, used 36896K [0x00000006c1400000, 0x00000006cbf00000, 0x000000076b180000)
  object space 175104K, 21% used [0x00000006c1400000,0x00000006c3808030,0x00000006cbf00000)
 Metaspace       used 16456K, capacity 16780K, committed 17152K, reserved 1064960K
  class space    used 1643K, capacity 1725K, committed 1792K, reserved 1048576K
}

Deoptimization events (10 events):
Event: 3.669 Thread 0x000000001db9c000 Uncommon trap: reason=class_check action=maybe_recompile pc=0x0000000002f266a0 method=java.util.HashSet.<init>(Ljava/util/Collection;)V @ 10
Event: 3.669 Thread 0x000000001db9c000 Uncommon trap: reason=class_check action=maybe_recompile pc=0x0000000002f1819c method=java.util.AbstractCollection.addAll(Ljava/util/Collection;)Z @ 3
Event: 3.669 Thread 0x000000001db9c000 Uncommon trap: reason=class_check action=maybe_recompile pc=0x0000000002f12ccc method=com.sun.jna.Structure.sortFields(Ljava/util/List;Ljava/util/List;)V @ 4
Event: 3.669 Thread 0x000000001db9c000 Uncommon trap: reason=unstable_if action=reinterpret pc=0x0000000002fe9298 method=com.sun.jna.Structure.calculateSize(ZZ)I @ 42
Event: 3.669 Thread 0x000000001db9c000 Uncommon trap: reason=class_check action=maybe_recompile pc=0x0000000003043364 method=com.sun.jna.Structure.newInstance(Ljava/lang/Class;Lcom/sun/jna/Pointer;)Lcom/sun/jna/Structure; @ 26
Event: 3.669 Thread 0x000000001db9c000 Uncommon trap: reason=class_check action=maybe_recompile pc=0x0000000003043364 method=com.sun.jna.Structure.newInstance(Ljava/lang/Class;Lcom/sun/jna/Pointer;)Lcom/sun/jna/Structure; @ 26
Event: 3.669 Thread 0x000000001db9c000 Uncommon trap: reason=class_check action=maybe_recompile pc=0x0000000003043364 method=com.sun.jna.Structure.newInstance(Ljava/lang/Class;Lcom/sun/jna/Pointer;)Lcom/sun/jna/Structure; @ 26
Event: 3.669 Thread 0x000000001db9c000 Uncommon trap: reason=class_check action=maybe_recompile pc=0x0000000003043364 method=com.sun.jna.Structure.newInstance(Ljava/lang/Class;Lcom/sun/jna/Pointer;)Lcom/sun/jna/Structure; @ 26
Event: 3.670 Thread 0x000000001db9c000 Uncommon trap: reason=unstable_if action=reinterpret pc=0x0000000002f3f800 method=com.sun.jna.Structure.calculateSize(ZZ)I @ 105
Event: 3.670 Thread 0x000000001db9c000 Uncommon trap: reason=null_check action=make_not_entrant pc=0x000000000305b0ec method=com.sun.jna.Structure.readField(Lcom/sun/jna/Structure$StructField;)Ljava/lang/Object; @ 32

Internal exceptions (10 events):
Event: 0.224 Thread 0x0000000002987000 Exception <a 'java/security/PrivilegedActionException'> (0x000000076b5b69f0) thrown at [C:\re\workspace\8-2-build-windows-amd64-cygwin\jdk8u91\7017\hotspot\src\share\vm\prims\jvm.cpp, line 1386]
Event: 0.224 Thread 0x0000000002987000 Exception <a 'java/security/PrivilegedActionException'> (0x000000076b5b6c00) thrown at [C:\re\workspace\8-2-build-windows-amd64-cygwin\jdk8u91\7017\hotspot\src\share\vm\prims\jvm.cpp, line 1386]
Event: 0.411 Thread 0x0000000002987000 Exception <a 'java/lang/UnsatisfiedLinkError': Das angegebene Modul wurde nicht gefunden.
> (0x000000076b7ad7c8) thrown at [C:\re\workspace\8-2-build-windows-amd64-cygwin\jdk8u91\7017\hotspot\src\share\vm\prims\jni.cpp, line 735]
Event: 0.411 Thread 0x0000000002987000 Exception <a 'java/lang/UnsatisfiedLinkError': Das angegebene Modul wurde nicht gefunden.
> (0x000000076b7adc28) thrown at [C:\re\workspace\8-2-build-windows-amd64-cygwin\jdk8u91\7017\hotspot\src\share\vm\prims\jni.cpp, line 735]
Event: 0.413 Thread 0x0000000002987000 Exception <a 'java/lang/UnsatisfiedLinkError': Das angegebene Modul wurde nicht gefunden.
> (0x000000076b7ae190) thrown at [C:\re\workspace\8-2-build-windows-amd64-cygwin\jdk8u91\7017\hotspot\src\share\vm\prims\jni.cpp, line 735]
Event: 0.636 Thread 0x0000000002987000 Exception <a 'java/lang/NoSuchFieldError': method resolution failed> (0x000000076bc537a8) thrown at [C:\re\workspace\8-2-build-windows-amd64-cygwin\jdk8u91\7017\hotspot\src\share\vm\prims\methodHandles.cpp, line 1146]
Event: 0.638 Thread 0x0000000002987000 Exception <a 'java/lang/NoSuchFieldError': method resolution failed> (0x000000076bc60e98) thrown at [C:\re\workspace\8-2-build-windows-amd64-cygwin\jdk8u91\7017\hotspot\src\share\vm\prims\methodHandles.cpp, line 1146]
Event: 0.658 Thread 0x0000000002987000 Exception <a 'java/io/FileNotFoundException'> (0x000000076bd09728) thrown at [C:\re\workspace\8-2-build-windows-amd64-cygwin\jdk8u91\7017\hotspot\src\share\vm\prims\jni.cpp, line 709]
Event: 0.705 Thread 0x0000000002987000 Exception <a 'java/io/FileNotFoundException'> (0x000000076bd8c710) thrown at [C:\re\workspace\8-2-build-windows-amd64-cygwin\jdk8u91\7017\hotspot\src\share\vm\prims\jni.cpp, line 709]
Event: 2.867 Thread 0x000000001db9c000 Implicit null exception at 0x0000000002f2851a to 0x0000000002f29075

Events (10 events):
Event: 3.670 Thread 0x000000001db9c000 Uncommon trap: trap_request=0xffffff65 fr.pc=0x0000000002f3f800
Event: 3.670 Thread 0x000000001db9c000 DEOPT PACKING pc=0x0000000002f3f800 sp=0x000000002793eab0
Event: 3.670 Thread 0x000000001db9c000 DEOPT UNPACKING pc=0x0000000002ac582a sp=0x000000002793ea28 mode 2
Event: 3.670 Thread 0x000000001db9c000 Uncommon trap: trap_request=0xfffffff4 fr.pc=0x000000000305b0ec
Event: 3.670 Thread 0x000000001db9c000 DEOPT PACKING pc=0x000000000305b0ec sp=0x000000002793e850
Event: 3.670 Thread 0x000000001db9c000 DEOPT UNPACKING pc=0x0000000002ac582a sp=0x000000002793e840 mode 2
Event: 3.671 loading class vr/VRControllerAxis_t
Event: 3.671 loading class vr/VRControllerAxis_t done
Event: 3.671 Thread 0x000000001db9c000 DEOPT PACKING pc=0x0000000002c3d049 sp=0x000000002793dab0
Event: 3.671 Thread 0x000000001db9c000 DEOPT UNPACKING pc=0x0000000002ac787f sp=0x000000002793d800 mode 1


Dynamic libraries:
0x00007ff6cff50000 - 0x00007ff6cff87000 	C:\Program Files\Java\jdk1.8.0_91\jre\bin\java.exe
0x00007fff67050000 - 0x00007fff671fd000 	C:\Windows\SYSTEM32\ntdll.dll
0x00007fff668a0000 - 0x00007fff669de000 	C:\Windows\system32\KERNEL32.DLL
0x00007fff645c0000 - 0x00007fff646d5000 	C:\Windows\system32\KERNELBASE.dll
0x00007fff62d50000 - 0x00007fff62dde000 	C:\Windows\system32\apphelp.dll
0x00007fff53810000 - 0x00007fff53863000 	C:\Windows\AppPatch\AppPatch64\AcGenral.DLL
0x00007fff66c20000 - 0x00007fff66cca000 	C:\Windows\system32\msvcrt.dll
0x00007fff64590000 - 0x00007fff645be000 	C:\Windows\system32\SspiCli.dll
0x00007fff66cd0000 - 0x00007fff66d24000 	C:\Windows\system32\SHLWAPI.dll
0x00007fff66e00000 - 0x00007fff66f77000 	C:\Windows\system32\USER32.dll
0x00007fff66320000 - 0x00007fff664b4000 	C:\Windows\system32\ole32.dll
0x00007fff64b30000 - 0x00007fff66059000 	C:\Windows\system32\SHELL32.dll
0x00007fff638b0000 - 0x00007fff638d1000 	C:\Windows\SYSTEM32\USERENV.dll
0x00007fff660c0000 - 0x00007fff6616a000 	C:\Windows\system32\ADVAPI32.dll
0x00007fff5a150000 - 0x00007fff5a16e000 	C:\Windows\SYSTEM32\MPR.dll
0x00007fff66170000 - 0x00007fff662b0000 	C:\Windows\system32\RPCRT4.dll
0x00007fff66060000 - 0x00007fff660b9000 	C:\Windows\SYSTEM32\sechost.dll
0x00007fff664c0000 - 0x00007fff666d1000 	C:\Windows\SYSTEM32\combase.dll
0x00007fff64800000 - 0x00007fff6494f000 	C:\Windows\system32\GDI32.dll
0x00007fff64180000 - 0x00007fff64195000 	C:\Windows\SYSTEM32\profapi.dll
0x00007fff47bf0000 - 0x00007fff48071000 	C:\Windows\AppPatch\AppPatch64\AcLayers.DLL
0x00007fff55b80000 - 0x00007fff55b83000 	C:\Windows\SYSTEM32\sfc.dll
0x00007fff5f5c0000 - 0x00007fff5f642000 	C:\Windows\SYSTEM32\WINSPOOL.DRV
0x00007fff5a320000 - 0x00007fff5a332000 	C:\Windows\SYSTEM32\sfc_os.DLL
0x00007fff62700000 - 0x00007fff627b2000 	C:\Windows\SYSTEM32\SHCORE.dll
0x00007fff66d90000 - 0x00007fff66dc6000 	C:\Windows\system32\IMM32.DLL
0x00007fff669f0000 - 0x00007fff66b42000 	C:\Windows\system32\MSCTF.dll
0x00007fff61df0000 - 0x00007fff6206b000 	C:\Windows\WinSxS\amd64_microsoft.windows.common-controls_6595b64144ccf1df_6.0.9600.18006_none_623f33d3ecbe86e8\COMCTL32.dll
0x0000000060c00000 - 0x0000000060cd2000 	C:\Program Files\Java\jdk1.8.0_91\jre\bin\msvcr100.dll
0x0000000060ce0000 - 0x0000000061573000 	C:\Program Files\Java\jdk1.8.0_91\jre\bin\server\jvm.dll
0x00007fff5e990000 - 0x00007fff5e999000 	C:\Windows\SYSTEM32\WSOCK32.dll
0x00007fff60a90000 - 0x00007fff60ab2000 	C:\Windows\SYSTEM32\WINMM.dll
0x00007fff60a80000 - 0x00007fff60a8a000 	C:\Windows\SYSTEM32\VERSION.dll
0x00007fff66df0000 - 0x00007fff66df7000 	C:\Windows\system32\PSAPI.DLL
0x00007fff647a0000 - 0x00007fff647fa000 	C:\Windows\system32\WS2_32.dll
0x00007fff60a50000 - 0x00007fff60a7a000 	C:\Windows\SYSTEM32\WINMMBASE.dll
0x00007fff669e0000 - 0x00007fff669e9000 	C:\Windows\system32\NSI.dll
0x00007fff64250000 - 0x00007fff6429f000 	C:\Windows\SYSTEM32\cfgmgr32.dll
0x00007fff62fa0000 - 0x00007fff62fc8000 	C:\Windows\SYSTEM32\DEVOBJ.dll
0x0000000060bb0000 - 0x0000000060bbf000 	C:\Program Files\Java\jdk1.8.0_91\jre\bin\verify.dll
0x0000000060b80000 - 0x0000000060ba9000 	C:\Program Files\Java\jdk1.8.0_91\jre\bin\java.dll
0x000000005d850000 - 0x000000005d885000 	C:\Program Files\Java\jdk1.8.0_91\jre\bin\jdwp.dll
0x000000005d840000 - 0x000000005d848000 	C:\Program Files\Java\jdk1.8.0_91\jre\bin\npt.dll
0x0000000060b60000 - 0x0000000060b76000 	C:\Program Files\Java\jdk1.8.0_91\jre\bin\zip.dll
0x0000000061a40000 - 0x0000000061a4b000 	C:\Program Files\Java\jdk1.8.0_91\jre\bin\dt_shmem.dll
0x00007fff63c10000 - 0x00007fff63c30000 	C:\Windows\SYSTEM32\CRYPTSP.dll
0x00007fff63530000 - 0x00007fff63566000 	C:\Windows\system32\rsaenh.dll
0x00007fff63d40000 - 0x00007fff63d66000 	C:\Windows\SYSTEM32\bcrypt.dll
0x00007fff64050000 - 0x00007fff640b3000 	C:\Windows\system32\bcryptprimitives.dll
0x00007fff640c0000 - 0x00007fff640cb000 	C:\Windows\SYSTEM32\CRYPTBASE.dll
0x0000000060b40000 - 0x0000000060b5a000 	C:\Program Files\Java\jdk1.8.0_91\jre\bin\net.dll
0x00007fff63bb0000 - 0x00007fff63c09000 	C:\Windows\system32\mswsock.dll
0x00007fff5e580000 - 0x00007fff5e5aa000 	C:\Windows\SYSTEM32\IPHLPAPI.DLL
0x00007fff5e560000 - 0x00007fff5e56a000 	C:\Windows\SYSTEM32\WINNSI.DLL
0x00007fff5dbf0000 - 0x00007fff5dc06000 	C:\Windows\SYSTEM32\dhcpcsvc6.DLL
0x00007fff5dda0000 - 0x00007fff5ddba000 	C:\Windows\SYSTEM32\dhcpcsvc.DLL
0x0000000060b20000 - 0x0000000060b31000 	C:\Program Files\Java\jdk1.8.0_91\jre\bin\nio.dll
0x00007fff537e0000 - 0x00007fff53805000 	C:\Users\fschaefers\AppData\Local\Temp\jna-1155702230\jna133531864431494317.dll
0x00007fff53790000 - 0x00007fff537df000 	C:\Users\FSCHAE~1\AppData\Local\Temp\jna-1155702230\jna8523878158760485533.dll
0x00000000637c0000 - 0x00000000637cd000 	C:\Users\fschaefers\AppData\Local\Temp\jogamp_0000\file_cache\jln1414942660316636381\jln8829639571860876841\natives\windows-amd64\gluegen-rt.dll
0x0000000060980000 - 0x0000000060b18000 	C:\Program Files\Java\jdk1.8.0_91\jre\bin\awt.dll
0x00007fff66f80000 - 0x00007fff67041000 	C:\Windows\system32\OLEAUT32.dll
0x00007fff62e20000 - 0x00007fff62f49000 	C:\Windows\system32\uxtheme.dll
0x00007fff62500000 - 0x00007fff62521000 	C:\Windows\system32\dwmapi.dll
0x00007fff62ff0000 - 0x00007fff62ffb000 	C:\Windows\SYSTEM32\kernel.appcore.dll
0x0000000060890000 - 0x0000000060897000 	C:\Program Files\Java\jdk1.8.0_91\jre\bin\jawt.dll
0x000000006a440000 - 0x000000006a44d000 	C:\Users\fschaefers\AppData\Local\Temp\jogamp_0000\file_cache\jln1414942660316636381\jln8829639571860876841\natives\windows-amd64\nativewindow_awt.dll
0x00007fff55d70000 - 0x00007fff55f91000 	C:\Windows\system32\d3d9.dll
0x00007fff469a0000 - 0x00007fff47a15000 	C:\Windows\SYSTEM32\nvd3dumx.dll
0x00007fff63860000 - 0x00007fff638a6000 	C:\Windows\system32\powrprof.dll
0x00007fff60780000 - 0x00007fff60862000 	C:\Program Files (x86)\NVIDIA Corporation\3D Vision\nvSCPAPI64.dll
0x00007fff64950000 - 0x00007fff64b2a000 	C:\Windows\system32\SETUPAPI.dll
0x00007fff4f940000 - 0x00007fff4faf7000 	C:\Windows\system32\nvspcap64.dll
0x00007fff600d0000 - 0x00007fff60197000 	C:\Windows\SYSTEM32\WINHTTP.dll
0x00007fff5fb60000 - 0x00007fff5ff30000 	C:\Windows\system32\nvapi64.dll
0x000000006c100000 - 0x000000006c10f000 	C:\Users\fschaefers\AppData\Local\Temp\jogamp_0000\file_cache\jln1414942660316636381\jln8829639571860876841\natives\windows-amd64\nativewindow_win32.dll
0x000000006cbc0000 - 0x000000006cbd3000 	C:\Users\fschaefers\AppData\Local\Temp\jogamp_0000\file_cache\jln1414942660316636381\jln8829639571860876841\natives\windows-amd64\newt.dll
0x00007fff60870000 - 0x00007fff60902000 	C:\Windows\SYSTEM32\mscms.dll
0x00007fff53740000 - 0x00007fff53781000 	C:\Windows\SYSTEM32\icm32.dll
0x00007fff48e50000 - 0x00007fff48f7b000 	C:\Windows\SYSTEM32\OpenGL32.dll
0x00007fff56350000 - 0x00007fff5637e000 	C:\Windows\SYSTEM32\GLU32.dll
0x00007fff48d50000 - 0x00007fff48e48000 	C:\Windows\SYSTEM32\DDRAW.dll
0x00007fff578d0000 - 0x00007fff578d9000 	C:\Windows\SYSTEM32\DCIMAN32.dll
0x0000000064500000 - 0x00000000645b1000 	C:\Users\fschaefers\AppData\Local\Temp\jogamp_0000\file_cache\jln1414942660316636381\jln8829639571860876841\natives\windows-amd64\jogl_desktop.dll
0x0000000064340000 - 0x00000000643a2000 	C:\Users\fschaefers\AppData\Local\Temp\jogamp_0000\file_cache\jln1414942660316636381\jln8829639571860876841\natives\windows-amd64\jogl_mobile.dll
0x000000005ea30000 - 0x0000000060887000 	C:\Windows\SYSTEM32\nvoglv64.DLL
0x00007fff62d30000 - 0x00007fff62d42000 	C:\Windows\SYSTEM32\WTSAPI32.dll
0x00007fff5c7c0000 - 0x00007fff5c949000 	C:\Windows\SYSTEM32\dbghelp.dll
0x00007fff642a0000 - 0x00007fff642f1000 	C:\Windows\system32\WINTRUST.dll
0x00007fff643b0000 - 0x00007fff6458f000 	C:\Windows\system32\CRYPT32.dll
0x00007fff64230000 - 0x00007fff64241000 	C:\Windows\system32\MSASN1.dll
0x00007fff5d410000 - 0x00007fff5d442000 	C:\Windows\SYSTEM32\ntmarta.dll
0x00007fff633f0000 - 0x00007fff6344a000 	C:\Windows\SYSTEM32\WINSTA.dll
0x00007fff4b0d0000 - 0x00007fff4b37e000 	C:\Program Files (x86)\Steam\steamapps\common\SteamVR\bin\vrclient_x64.dll
0x00007fff62100000 - 0x00007fff62333000 	C:\Windows\SYSTEM32\d3d11.dll
0x00007fff62070000 - 0x00007fff620f7000 	C:\Windows\SYSTEM32\dxgi.dll
0x00007fff53690000 - 0x00007fff53736000 	C:\Program Files\Java\jdk1.8.0_91\jre\bin\MSVCP120.dll
0x00007fff535a0000 - 0x00007fff5368f000 	C:\Program Files\Java\jdk1.8.0_91\jre\bin\MSVCR120.dll
0x00007fff53340000 - 0x00007fff534d9000 	C:\Program Files (x86)\Steam\steamapps\common\SteamVR\drivers\lighthouse\bin\win64\driver_lighthouse.dll
0x00007fff60760000 - 0x00007fff6076e000 	C:\Program Files (x86)\Steam\steamapps\common\SteamVR\drivers\lighthouse\bin\win64\aitcamlib.dll
0x00007fff60710000 - 0x00007fff6072c000 	C:\Program Files (x86)\Steam\steamapps\common\SteamVR\drivers\lighthouse\bin\win64\AitUVCExtApi.dll
0x00007fff4dd70000 - 0x00007fff4dffa000 	C:\Program Files (x86)\Steam\steamapps\common\SteamVR\drivers\lighthouse\bin\win64\AitH264Capture.dll
0x00007fff62420000 - 0x00007fff62427000 	C:\Windows\SYSTEM32\MSIMG32.dll
0x00007fff5ff30000 - 0x00007fff5ff9a000 	C:\Windows\SYSTEM32\OLEACC.dll
0x00007fff604e0000 - 0x00007fff60690000 	C:\Windows\WinSxS\amd64_microsoft.windows.gdiplus_6595b64144ccf1df_1.1.9600.18405_none_932a3cf14750e859\gdiplus.dll

VM Arguments:
jvm_args: -Xdebug -Xrunjdwp:transport=dt_shmem,address=javadebug -Dfile.encoding=UTF-8 
java_command: helloVr.Application
java_class_path (initial): C:\Users\fschaefers\Documents\libs\jogamp-all-platforms\jar\gluegen-rt.jar;C:\Users\fschaefers\Documents\libs\jogamp-all-platforms\jar\jogl-all.jar;C:\Users\fschaefers\Documents\libs\jna-4.2.2.jar;D:\DEVELOPMENT\ec4\libs\streamex\streamex-0.6.2-SNAPSHOT.jar;D:\DEVELOPMENT\ec4\libs\glm\Jglm.jar;D:\DEVELOPMENT\ec4\libs\openVr\jopenvr.jar;C:\Users\fschaefers\Documents\NetBeansProjects\java-unofficial-opengl-SDK\javaUnofficialOpenglSDK\dist\javaUnofficialOpenglSDK.jar;C:\Users\fschaefers\Documents\NetBeansProjects\jogl-hello-vr\jogl-hello-vr\build\classes
Launcher Type: SUN_STANDARD

Environment Variables:
PATH=C:\Python27\;C:\Python27\Scripts;C:\Program Files\Accelerad\bin;C:\Program Files\NVIDIA GPU Computing Toolkit\CUDA\v7.5\bin;C:\Program Files\NVIDIA GPU Computing Toolkit\CUDA\v7.5\libnvvp;C:\ProgramData\Oracle\Java\javapath;C:\Program Files (x86)\Intel\iCLS Client\;C:\Program Files\Intel\iCLS Client\;C:\Windows\system32;C:\Windows;C:\Windows\System32\Wbem;C:\Windows\System32\WindowsPowerShell\v1.0\;C:\Program Files (x86)\Acer\abFiles\;C:\Program Files\Intel\Intel(R) Management Engine Components\DAL;C:\Program Files\Intel\Intel(R) Management Engine Components\IPT;C:\Program Files (x86)\Intel\Intel(R) Management Engine Components\DAL;C:\Program Files (x86)\Intel\Intel(R) Management Engine Components\IPT;C:\Program Files (x86)\NVIDIA Corporation\PhysX\Common;C:\Program Files (x86)\GitExtensions\;C:\Program Files\LuxRender;C:\Program Files\Microsoft SQL Server\110\Tools\Binn\;C:\Program Files\TortoiseHg\;C:\Program Files (x86)\Windows Kits\8.1\Windows Performance Toolkit\;C:\Program Files (x86)\Microsoft SDKs\TypeScript\1.0\;C:\Program Files\Microsoft SQL Server\120\Tools\Binn\;C:\Program Files\Radiance\bin;C:\Strawberry\c\bin;C:\Strawberry\perl\site\bin;C:\Strawberry\perl\bin;C:\cygwin64\bin
USERNAME=fschaefers
OS=Windows_NT
PROCESSOR_IDENTIFIER=Intel64 Family 6 Model 60 Stepping 3, GenuineIntel



---------------  S Y S T E M  ---------------

OS: Windows 8.1 , 64 bit Build 9600 (6.3.9600.17415)

CPU:total 8 (4 cores per cpu, 2 threads per core) family 6 model 60 stepping 3, cmov, cx8, fxsr, mmx, sse, sse2, sse3, ssse3, sse4.1, sse4.2, popcnt, avx, avx2, aes, clmul, erms, lzcnt, ht, tsc, tscinvbit, bmi1, bmi2

Memory: 4k page, physical 16694968k(9983516k free), swap 33472184k(25321836k free)

vm_info: Java HotSpot(TM) 64-Bit Server VM (25.91-b15) for windows-amd64 JRE (1.8.0_91-b15), built on May 20 2016 17:43:15 by "java_re" with MS VC++ 10.0 (VS2010)

time: Thu Sep 01 09:58:08 2016
elapsed time: 3 seconds (0d 0h 0m 3s)

