#
# A fatal error has been detected by the Java Runtime Environment:
#
#  EXCEPTION_ACCESS_VIOLATION (0xc0000005) at pc=0x0000000025be6af0, pid=7320, tid=0x0000000000001f4c
#
# JRE version: Java(TM) SE Runtime Environment (8.0_102-b14) (build 1.8.0_102-b14)
# Java VM: Java HotSpot(TM) 64-Bit Server VM (25.102-b14 mixed mode windows-amd64 compressed oops)
# Problematic frame:
# C  [nvoglv64.DLL+0xbf6af0]
#
# Failed to write core dump. Minidumps are not enabled by default on client versions of Windows
#
# If you would like to submit a bug report, please visit:
#   http://bugreport.java.com/bugreport/crash.jsp
# The crash happened outside the Java Virtual Machine in native code.
# See problematic frame for where to report the bug.
#

---------------  T H R E A D  ---------------

Current thread (0x000000001ffef000):  JavaThread "main-AWTAnimator#00" [_thread_in_native, id=8012, stack(0x0000000029290000,0x0000000029390000)]

siginfo: ExceptionCode=0xc0000005, reading address 0x000000000000007c

Registers:
RAX=0x0000000000000002, RBX=0x0000000027627260, RCX=0x0000000027627260, RDX=0x0000000000000000
RSP=0x000000002938ea68, RBP=0x00000000ffffffff, RSI=0x00000000ffffffff, RDI=0x000000002777fa90
R8 =0x0000000000000002, R9 =0x00000000ffffffff, R10=0x00000000ffffffff, R11=0x0000000000000000
R12=0x0000000000000000, R13=0x0000000013170000, R14=0x0000000013170000, R15=0x00000000131f3a78
RIP=0x0000000025be6af0, EFLAGS=0x0000000000010286

Top of Stack: (sp=0x000000002938ea68)
0x000000002938ea68:   0000000025c3ac8b 000000002777fa90
0x000000002938ea78:   0000000000000000 000000000802580b
0x000000002938ea88:   0000000000000000 0000000027627260
0x000000002938ea98:   0000000013170000 0000000027627260
0x000000002938eaa8:   0000000025c4412e 0000000000000000
0x000000002938eab8:   0000000027627260 000000002777fa90
0x000000002938eac8:   0000000013170000 0000000000000000
0x000000002938ead8:   00000000299569b0 0000000000000005
0x000000002938eae8:   0000000027627260 00000000131f4078
0x000000002938eaf8:   0000000025c43f1b 0000000013170000
0x000000002938eb08:   0000000025cbd82b 0000000000000000
0x000000002938eb18:   0000000000008000 0000000000004000
0x000000002938eb28:   0000000013170000 0000000027627260
0x000000002938eb38:   0000000025cc745f 0000000027627260
0x000000002938eb48:   0000000000008000 0000000000000000
0x000000002938eb58:   0000000000000000 0000000013170000 

Instructions: (pc=0x0000000025be6af0)
0x0000000025be6ad0:   30 48 8b 6c 24 38 48 8b 74 24 40 48 83 c4 20 5f
0x0000000025be6ae0:   e9 1b bc 04 00 cc cc cc cc cc cc cc cc cc cc cc
0x0000000025be6af0:   66 83 7a 7c 00 45 8b d8 4c 8b d2 75 0f f6 42 7a
0x0000000025be6b00:   01 74 22 83 3d da 49 0f 01 00 74 19 44 8b 81 98 


Register to memory mapping:

RAX=0x0000000000000002 is an unknown value
RBX=0x0000000027627260 is an unknown value
RCX=0x0000000027627260 is an unknown value
RDX=0x0000000000000000 is an unknown value
RSP=0x000000002938ea68 is pointing into the stack for thread: 0x000000001ffef000
RBP=0x00000000ffffffff is an unknown value
RSI=0x00000000ffffffff is an unknown value
RDI=0x000000002777fa90 is an unknown value
R8 =0x0000000000000002 is an unknown value
R9 =0x00000000ffffffff is an unknown value
R10=0x00000000ffffffff is an unknown value
R11=0x0000000000000000 is an unknown value
R12=0x0000000000000000 is an unknown value
R13=0x0000000013170000 is an unknown value
R14=0x0000000013170000 is an unknown value
R15=0x00000000131f3a78 is an unknown value


Stack: [0x0000000029290000,0x0000000029390000],  sp=0x000000002938ea68,  free space=1018k
Native frames: (J=compiled Java code, j=interpreted, Vv=VM code, C=native code)
C  [nvoglv64.DLL+0xbf6af0]

Java frames: (J=compiled Java code, j=interpreted, Vv=VM code)
j  jogamp.opengl.gl4.GL4bcImpl.dispatch_glClearBufferfv1(IILjava/lang/Object;IZJ)V+0
j  jogamp.opengl.gl4.GL4bcImpl.glClearBufferfv(IILjava/nio/FloatBuffer;)V+81
j  helloVr.Scene.render(Lcom/jogamp/opengl/GL4;LhelloVr/Application;I)V+9
j  helloVr.Application.renderStereoTargets(Lcom/jogamp/opengl/GL4;)V+84
j  helloVr.Application.display(Lcom/jogamp/opengl/GLAutoDrawable;)V+21
j  jogamp.opengl.GLDrawableHelper.displayImpl(Lcom/jogamp/opengl/GLAutoDrawable;)V+62
j  jogamp.opengl.GLDrawableHelper.display(Lcom/jogamp/opengl/GLAutoDrawable;)V+2
j  jogamp.opengl.GLAutoDrawableBase$2.run()V+59
j  jogamp.opengl.GLDrawableHelper.invokeGLImpl(Lcom/jogamp/opengl/GLDrawable;Lcom/jogamp/opengl/GLContext;Ljava/lang/Runnable;Ljava/lang/Runnable;)V+203
j  jogamp.opengl.GLDrawableHelper.invokeGL(Lcom/jogamp/opengl/GLDrawable;Lcom/jogamp/opengl/GLContext;Ljava/lang/Runnable;Ljava/lang/Runnable;)V+72
j  com.jogamp.newt.opengl.GLWindow.display()V+90
j  com.jogamp.opengl.util.AWTAnimatorImpl.display(Ljava/util/ArrayList;ZZ)V+68
j  com.jogamp.opengl.util.AnimatorBase.display()V+16
j  com.jogamp.opengl.util.Animator$MainLoop.run()V+494
j  java.lang.Thread.run()V+11
v  ~StubRoutines::call_stub

---------------  P R O C E S S  ---------------

Java Threads: ( => current thread )
  0x0000000001c0e800 JavaThread "DestroyJavaVM" [_thread_blocked, id=196, stack(0x0000000002250000,0x0000000002350000)]
=>0x000000001ffef000 JavaThread "main-AWTAnimator#00" [_thread_in_native, id=8012, stack(0x0000000029290000,0x0000000029390000)]
  0x000000001fe63000 JavaThread "main-Display-.windows_nil-1-EDT-1" daemon [_thread_blocked, id=4948, stack(0x00000000278d0000,0x00000000279d0000)]
  0x0000000023fb1000 JavaThread "main-SharedResourceRunner" daemon [_thread_blocked, id=8972, stack(0x0000000024d70000,0x0000000024e70000)]
  0x000000001fac6000 JavaThread "AWT-Windows" daemon [_thread_in_native, id=6668, stack(0x00000000203a0000,0x00000000204a0000)]
  0x000000001faba800 JavaThread "Java2D Disposer" daemon [_thread_blocked, id=8680, stack(0x000000001f4a0000,0x000000001f5a0000)]
  0x000000001d6c2800 JavaThread "Service Thread" daemon [_thread_blocked, id=5256, stack(0x000000001f350000,0x000000001f450000)]
  0x000000001d647000 JavaThread "C1 CompilerThread3" daemon [_thread_blocked, id=8528, stack(0x000000001f190000,0x000000001f290000)]
  0x000000001d645000 JavaThread "C2 CompilerThread2" daemon [_thread_blocked, id=8864, stack(0x000000001f050000,0x000000001f150000)]
  0x000000001c47d000 JavaThread "C2 CompilerThread1" daemon [_thread_blocked, id=6932, stack(0x000000001ed80000,0x000000001ee80000)]
  0x000000001d63b000 JavaThread "C2 CompilerThread0" daemon [_thread_blocked, id=2688, stack(0x000000001eeb0000,0x000000001efb0000)]
  0x000000001d639800 JavaThread "Attach Listener" daemon [_thread_blocked, id=7624, stack(0x000000001e960000,0x000000001ea60000)]
  0x000000001d638000 JavaThread "Signal Dispatcher" daemon [_thread_blocked, id=8580, stack(0x000000001ec70000,0x000000001ed70000)]
  0x000000001c472000 JavaThread "Finalizer" daemon [_thread_blocked, id=3844, stack(0x000000001ead0000,0x000000001ebd0000)]
  0x000000001c46b000 JavaThread "Reference Handler" daemon [_thread_blocked, id=1508, stack(0x000000001e7e0000,0x000000001e8e0000)]

Other Threads:
  0x000000001c462000 VMThread [stack: 0x000000001e620000,0x000000001e720000] [id=8628]
  0x000000001d6ff000 WatcherThread [stack: 0x000000001f600000,0x000000001f700000] [id=9136]

VM state:not at safepoint (normal execution)

VM Mutex/Monitor currently owned by a thread: None

Heap:
 PSYoungGen      total 76288K, used 66308K [0x000000076b180000, 0x0000000774680000, 0x00000007c0000000)
  eden space 65536K, 84% used [0x000000076b180000,0x000000076e7c5460,0x000000076f180000)
  from space 10752K, 99% used [0x000000076f180000,0x000000076fbfbf58,0x000000076fc00000)
  to   space 10752K, 0% used [0x0000000773c00000,0x0000000773c00000,0x0000000774680000)
 ParOldGen       total 175104K, used 11745K [0x00000006c1400000, 0x00000006cbf00000, 0x000000076b180000)
  object space 175104K, 6% used [0x00000006c1400000,0x00000006c1f787f0,0x00000006cbf00000)
 Metaspace       used 15717K, capacity 15978K, committed 16384K, reserved 1064960K
  class space    used 1580K, capacity 1676K, committed 1792K, reserved 1048576K

Card table byte_map: [0x00000000119e0000,0x00000000121e0000] byte_map_base: 0x000000000e3d6000

Marking Bits: (ParMarkBitMap*) 0x000000005828a6c0
 Begin Bits: [0x0000000013320000, 0x00000000172d0000)
 End Bits:   [0x00000000172d0000, 0x000000001b280000)

Polling page: 0x0000000000140000

CodeCache: size=245760Kb used=4832Kb max_used=4843Kb free=240927Kb
 bounds [0x0000000002620000, 0x0000000002ae0000, 0x0000000011620000]
 total_blobs=2015 nmethods=1218 adapters=710
 compilation: enabled

Compilation events (10 events):
Event: 1.670 Thread 0x000000001d647000 1214       3       sun.misc.ProxyGenerator$ProxyMethod::generateMethod (733 bytes)
Event: 1.676 Thread 0x000000001d647000 nmethod 1214 0x0000000002ac8ad0 code [0x0000000002ac9900, 0x0000000002ad3ae8]
Event: 1.676 Thread 0x000000001d647000 1217       3       java.lang.Class$MethodArray::<init> (38 bytes)
Event: 1.676 Thread 0x000000001d647000 nmethod 1217 0x0000000002ac7210 code [0x0000000002ac7380, 0x0000000002ac76e8]
Event: 1.676 Thread 0x000000001d647000 1216       3       java.lang.reflect.Constructor::setConstructorAccessor (21 bytes)
Event: 1.676 Thread 0x000000001d647000 nmethod 1216 0x0000000002ac6bd0 code [0x0000000002ac6d40, 0x0000000002ac7108]
Event: 1.676 Thread 0x000000001d647000 1215       1       java.lang.reflect.Constructor::getConstructorAccessor (5 bytes)
Event: 1.676 Thread 0x000000001d647000 nmethod 1215 0x0000000002ac6910 code [0x0000000002ac6a60, 0x0000000002ac6b70]
Event: 1.679 Thread 0x000000001d645000 1218       4       com.sun.jna.Structure$StructureSet::indexOf (78 bytes)
Event: 1.680 Thread 0x000000001d645000 nmethod 1218 0x0000000002ac6590 code [0x0000000002ac66e0, 0x0000000002ac67f8]

GC Heap History (2 events):
Event: 1.397 GC heap before
{Heap before GC invocations=1 (full 0):
 PSYoungGen      total 76288K, used 65536K [0x000000076b180000, 0x0000000770680000, 0x00000007c0000000)
  eden space 65536K, 100% used [0x000000076b180000,0x000000076f180000,0x000000076f180000)
  from space 10752K, 0% used [0x000000076fc00000,0x000000076fc00000,0x0000000770680000)
  to   space 10752K, 0% used [0x000000076f180000,0x000000076f180000,0x000000076fc00000)
 ParOldGen       total 175104K, used 0K [0x00000006c1400000, 0x00000006cbf00000, 0x000000076b180000)
  object space 175104K, 0% used [0x00000006c1400000,0x00000006c1400000,0x00000006cbf00000)
 Metaspace       used 15045K, capacity 15216K, committed 15488K, reserved 1062912K
  class space    used 1506K, capacity 1575K, committed 1664K, reserved 1048576K
Event: 1.417 GC heap after
Heap after GC invocations=1 (full 0):
 PSYoungGen      total 76288K, used 10735K [0x000000076b180000, 0x0000000774680000, 0x00000007c0000000)
  eden space 65536K, 0% used [0x000000076b180000,0x000000076b180000,0x000000076f180000)
  from space 10752K, 99% used [0x000000076f180000,0x000000076fbfbf58,0x000000076fc00000)
  to   space 10752K, 0% used [0x0000000773c00000,0x0000000773c00000,0x0000000774680000)
 ParOldGen       total 175104K, used 11745K [0x00000006c1400000, 0x00000006cbf00000, 0x000000076b180000)
  object space 175104K, 6% used [0x00000006c1400000,0x00000006c1f787f0,0x00000006cbf00000)
 Metaspace       used 15045K, capacity 15216K, committed 15488K, reserved 1062912K
  class space    used 1506K, capacity 1575K, committed 1664K, reserved 1048576K
}

Deoptimization events (10 events):
Event: 1.655 Thread 0x000000001ffef000 Uncommon trap: reason=unstable_if action=reinterpret pc=0x0000000002a7610c method=java.lang.reflect.Method.equals(Ljava/lang/Object;)Z @ 24
Event: 1.655 Thread 0x000000001ffef000 Uncommon trap: reason=unstable_if action=reinterpret pc=0x0000000002a87754 method=java.util.HashMap.keySet()Ljava/util/Set; @ 6
Event: 1.655 Thread 0x000000001ffef000 Uncommon trap: reason=unstable_if action=reinterpret pc=0x0000000002a89d30 method=java.util.HashMap.keySet()Ljava/util/Set; @ 6
Event: 1.679 Thread 0x000000001ffef000 Uncommon trap: reason=unstable_if action=reinterpret pc=0x0000000002a8095c method=com.sun.jna.Function.convertArgument([Ljava/lang/Object;ILjava/lang/reflect/Method;Lcom/sun/jna/TypeMapper;ZLjava/lang/Class;)Ljava/lang/Object; @ 138
Event: 1.679 Thread 0x000000001ffef000 Uncommon trap: reason=null_check action=make_not_entrant pc=0x0000000002a9d084 method=com.sun.jna.Function.invoke(Ljava/lang/reflect/Method;[Ljava/lang/Class;Ljava/lang/Class;[Ljava/lang/Object;Ljava/util/Map;)Ljava/lang/Object; @ 187
Event: 1.679 Thread 0x000000001ffef000 Uncommon trap: reason=class_check action=maybe_recompile pc=0x0000000002a85eb8 method=java.lang.reflect.Field.set(Ljava/lang/Object;Ljava/lang/Object;)V @ 46
Event: 1.679 Thread 0x000000001ffef000 Uncommon trap: reason=class_check action=maybe_recompile pc=0x0000000002a85eb8 method=java.lang.reflect.Field.set(Ljava/lang/Object;Ljava/lang/Object;)V @ 46
Event: 1.679 Thread 0x000000001ffef000 Uncommon trap: reason=class_check action=maybe_recompile pc=0x0000000002a85eb8 method=java.lang.reflect.Field.set(Ljava/lang/Object;Ljava/lang/Object;)V @ 46
Event: 1.679 Thread 0x000000001ffef000 Uncommon trap: reason=class_check action=maybe_recompile pc=0x0000000002a85eb8 method=java.lang.reflect.Field.set(Ljava/lang/Object;Ljava/lang/Object;)V @ 46
Event: 1.679 Thread 0x000000001ffef000 Uncommon trap: reason=class_check action=maybe_recompile pc=0x0000000002a82930 method=java.lang.reflect.Field.set(Ljava/lang/Object;Ljava/lang/Object;)V @ 46

Internal exceptions (10 events):
Event: 0.097 Thread 0x0000000001c0e800 Exception <a 'java/security/PrivilegedActionException'> (0x000000076b530c20) thrown at [C:\re\workspace\8-2-build-windows-amd64-cygwin\jdk8u102\7268\hotspot\src\share\vm\prims\jvm.cpp, line 1386]
Event: 0.097 Thread 0x0000000001c0e800 Exception <a 'java/security/PrivilegedActionException'> (0x000000076b534be0) thrown at [C:\re\workspace\8-2-build-windows-amd64-cygwin\jdk8u102\7268\hotspot\src\share\vm\prims\jvm.cpp, line 1386]
Event: 0.097 Thread 0x0000000001c0e800 Exception <a 'java/security/PrivilegedActionException'> (0x000000076b534df0) thrown at [C:\re\workspace\8-2-build-windows-amd64-cygwin\jdk8u102\7268\hotspot\src\share\vm\prims\jvm.cpp, line 1386]
Event: 0.358 Thread 0x0000000001c0e800 Exception <a 'java/lang/NoSuchFieldError': method resolution failed> (0x000000076b924dd8) thrown at [C:\re\workspace\8-2-build-windows-amd64-cygwin\jdk8u102\7268\hotspot\src\share\vm\prims\methodHandles.cpp, line 1146]
Event: 0.359 Thread 0x0000000001c0e800 Exception <a 'java/lang/NoSuchFieldError': method resolution failed> (0x000000076ba79ff8) thrown at [C:\re\workspace\8-2-build-windows-amd64-cygwin\jdk8u102\7268\hotspot\src\share\vm\prims\methodHandles.cpp, line 1146]
Event: 0.375 Thread 0x0000000001c0e800 Exception <a 'java/io/FileNotFoundException'> (0x000000076bb2ddb8) thrown at [C:\re\workspace\8-2-build-windows-amd64-cygwin\jdk8u102\7268\hotspot\src\share\vm\prims\jni.cpp, line 709]
Event: 0.421 Thread 0x0000000001c0e800 Exception <a 'java/io/FileNotFoundException'> (0x000000076bbba748) thrown at [C:\re\workspace\8-2-build-windows-amd64-cygwin\jdk8u102\7268\hotspot\src\share\vm\prims\jni.cpp, line 709]
Event: 1.266 Thread 0x000000001ffef000 Exception <a 'java/lang/UnsatisfiedLinkError': Das angegebene Modul wurde nicht gefunden.
> (0x000000076d712d00) thrown at [C:\re\workspace\8-2-build-windows-amd64-cygwin\jdk8u102\7268\hotspot\src\share\vm\prims\jni.cpp, line 735]
Event: 1.267 Thread 0x000000001ffef000 Exception <a 'java/lang/UnsatisfiedLinkError': Das angegebene Modul wurde nicht gefunden.
> (0x000000076d713160) thrown at [C:\re\workspace\8-2-build-windows-amd64-cygwin\jdk8u102\7268\hotspot\src\share\vm\prims\jni.cpp, line 735]
Event: 1.267 Thread 0x000000001ffef000 Exception <a 'java/lang/UnsatisfiedLinkError': Das angegebene Modul wurde nicht gefunden.
> (0x000000076d7136c8) thrown at [C:\re\workspace\8-2-build-windows-amd64-cygwin\jdk8u102\7268\hotspot\src\share\vm\prims\jni.cpp, line 735]

Events (10 events):
Event: 1.679 Thread 0x000000001ffef000 DEOPT UNPACKING pc=0x000000000266582a sp=0x000000002938e928 mode 2
Event: 1.679 Thread 0x000000001ffef000 Uncommon trap: trap_request=0xffffffde fr.pc=0x0000000002a85eb8
Event: 1.679 Thread 0x000000001ffef000 DEOPT PACKING pc=0x0000000002a85eb8 sp=0x000000002938e9d0
Event: 1.679 Thread 0x000000001ffef000 DEOPT UNPACKING pc=0x000000000266582a sp=0x000000002938e928 mode 2
Event: 1.679 Thread 0x000000001ffef000 Uncommon trap: trap_request=0xffffffde fr.pc=0x0000000002a85eb8
Event: 1.679 Thread 0x000000001ffef000 DEOPT PACKING pc=0x0000000002a85eb8 sp=0x000000002938e9c0
Event: 1.679 Thread 0x000000001ffef000 DEOPT UNPACKING pc=0x000000000266582a sp=0x000000002938e918 mode 2
Event: 1.679 Thread 0x000000001ffef000 Uncommon trap: trap_request=0xffffffde fr.pc=0x0000000002a82930
Event: 1.679 Thread 0x000000001ffef000 DEOPT PACKING pc=0x0000000002a82930 sp=0x000000002938e960
Event: 1.679 Thread 0x000000001ffef000 DEOPT UNPACKING pc=0x000000000266582a sp=0x000000002938e910 mode 2


Dynamic libraries:
0x000000013fd00000 - 0x000000013fd37000 	C:\Program Files\Java\jdk1.8.0_102\bin\java.exe
0x0000000077420000 - 0x00000000775cb000 	C:\Windows\SYSTEM32\ntdll.dll
0x0000000077300000 - 0x000000007741f000 	C:\Windows\system32\kernel32.dll
0x000007fefd1f0000 - 0x000007fefd25a000 	C:\Windows\system32\KERNELBASE.dll
0x000007fefdbc0000 - 0x000007fefdc9b000 	C:\Windows\system32\ADVAPI32.dll
0x000007fefeaa0000 - 0x000007fefeb3f000 	C:\Windows\system32\msvcrt.dll
0x000007fefea30000 - 0x000007fefea4f000 	C:\Windows\SYSTEM32\sechost.dll
0x000007fefeb40000 - 0x000007fefec6d000 	C:\Windows\system32\RPCRT4.dll
0x0000000077200000 - 0x00000000772fa000 	C:\Windows\system32\USER32.dll
0x000007fefedc0000 - 0x000007fefee27000 	C:\Windows\system32\GDI32.dll
0x000007fefec70000 - 0x000007fefec7e000 	C:\Windows\system32\LPK.dll
0x000007fefd520000 - 0x000007fefd5ea000 	C:\Windows\system32\USP10.dll
0x000007fefbba0000 - 0x000007fefbd94000 	C:\Windows\WinSxS\amd64_microsoft.windows.common-controls_6595b64144ccf1df_6.0.7601.18837_none_fa3b1e3d17594757\COMCTL32.dll
0x000007fefd700000 - 0x000007fefd771000 	C:\Windows\system32\SHLWAPI.dll
0x000007fefed90000 - 0x000007fefedbe000 	C:\Windows\system32\IMM32.DLL
0x000007fefd5f0000 - 0x000007fefd6f9000 	C:\Windows\system32\MSCTF.dll
0x0000000058ad0000 - 0x0000000058ba1000 	C:\Program Files\Java\jdk1.8.0_102\jre\bin\msvcr100.dll
0x0000000057a70000 - 0x000000005830a000 	C:\Program Files\Java\jdk1.8.0_102\jre\bin\server\jvm.dll
0x000007fef4ac0000 - 0x000007fef4ac9000 	C:\Windows\system32\WSOCK32.dll
0x000007fefea50000 - 0x000007fefea9d000 	C:\Windows\system32\WS2_32.dll
0x000007fefeca0000 - 0x000007fefeca8000 	C:\Windows\system32\NSI.dll
0x000007fefa110000 - 0x000007fefa14b000 	C:\Windows\system32\WINMM.dll
0x000007fefc230000 - 0x000007fefc23c000 	C:\Windows\system32\VERSION.dll
0x00000000775f0000 - 0x00000000775f7000 	C:\Windows\system32\PSAPI.DLL
0x0000000058a00000 - 0x0000000058a0f000 	C:\Program Files\Java\jdk1.8.0_102\jre\bin\verify.dll
0x00000000589d0000 - 0x00000000589f9000 	C:\Program Files\Java\jdk1.8.0_102\jre\bin\java.dll
0x00000000589b0000 - 0x00000000589c6000 	C:\Program Files\Java\jdk1.8.0_102\jre\bin\zip.dll
0x000007fefdca0000 - 0x000007fefea2c000 	C:\Windows\system32\SHELL32.dll
0x000007fefd820000 - 0x000007fefda23000 	C:\Windows\system32\ole32.dll
0x000007fefd160000 - 0x000007fefd16f000 	C:\Windows\system32\profapi.dll
0x000007fefc9a0000 - 0x000007fefc9b8000 	C:\Windows\system32\CRYPTSP.dll
0x000007fefc6a0000 - 0x000007fefc6e7000 	C:\Windows\system32\rsaenh.dll
0x000007fefd180000 - 0x000007fefd19e000 	C:\Windows\system32\USERENV.dll
0x000007fefd000000 - 0x000007fefd00f000 	C:\Windows\system32\CRYPTBASE.dll
0x0000000058990000 - 0x00000000589aa000 	C:\Program Files\Java\jdk1.8.0_102\jre\bin\net.dll
0x000007fefc940000 - 0x000007fefc995000 	C:\Windows\system32\mswsock.dll
0x000007fefc930000 - 0x000007fefc937000 	C:\Windows\System32\wship6.dll
0x000007fefabb0000 - 0x000007fefabd7000 	C:\Windows\system32\IPHLPAPI.DLL
0x000007fefab80000 - 0x000007fefab8b000 	C:\Windows\system32\WINNSI.DLL
0x000007fefa870000 - 0x000007fefa881000 	C:\Windows\system32\dhcpcsvc6.DLL
0x000007fefa7d0000 - 0x000007fefa7e8000 	C:\Windows\system32\dhcpcsvc.DLL
0x0000000058970000 - 0x0000000058981000 	C:\Program Files\Java\jdk1.8.0_102\jre\bin\nio.dll
0x000007feeeac0000 - 0x000007feeeae5000 	C:\Users\GBarbieri\AppData\Local\Temp\jna--1167882007\jna6696503768611479382.dll
0x000007fefcfa0000 - 0x000007fefcff7000 	C:\Windows\system32\apphelp.dll
0x00000000637c0000 - 0x00000000637cd000 	C:\Users\GBarbieri\AppData\Local\Temp\jogamp_0000\file_cache\jln8269756081556981111\jln4657533616301046090\natives\windows-amd64\gluegen-rt.dll
0x0000000058f20000 - 0x00000000590b8000 	C:\Program Files\Java\jdk1.8.0_102\jre\bin\awt.dll
0x000007fefecb0000 - 0x000007fefed88000 	C:\Windows\system32\OLEAUT32.dll
0x000007fefb6f0000 - 0x000007fefb746000 	C:\Windows\system32\uxtheme.dll
0x000007fefb350000 - 0x000007fefb368000 	C:\Windows\system32\dwmapi.dll
0x0000000058e40000 - 0x0000000058e47000 	C:\Program Files\Java\jdk1.8.0_102\jre\bin\jawt.dll
0x000000006a440000 - 0x000000006a44d000 	C:\Users\GBarbieri\AppData\Local\Temp\jogamp_0000\file_cache\jln8269756081556981111\jln4657533616301046090\natives\windows-amd64\nativewindow_awt.dll
0x000007feeee80000 - 0x000007feef07f000 	C:\Windows\system32\d3d9.dll
0x000007fefa970000 - 0x000007fefa977000 	C:\Windows\system32\d3d8thk.dll
0x000007fede060000 - 0x000007fedf0cb000 	C:\Windows\system32\nvd3dumx.dll
0x000007fefba90000 - 0x000007fefbabc000 	C:\Windows\system32\powrprof.dll
0x000007fefeed0000 - 0x000007feff0a7000 	C:\Windows\system32\SETUPAPI.dll
0x000007fefd4e0000 - 0x000007fefd516000 	C:\Windows\system32\CFGMGR32.dll
0x000007fefd410000 - 0x000007fefd42a000 	C:\Windows\system32\DEVOBJ.dll
0x000000006c100000 - 0x000000006c10f000 	C:\Users\GBarbieri\AppData\Local\Temp\jogamp_0000\file_cache\jln8269756081556981111\jln4657533616301046090\natives\windows-amd64\nativewindow_win32.dll
0x000000006cbc0000 - 0x000000006cbd3000 	C:\Users\GBarbieri\AppData\Local\Temp\jogamp_0000\file_cache\jln8269756081556981111\jln4657533616301046090\natives\windows-amd64\newt.dll
0x000007fefa150000 - 0x000007fefa1ec000 	C:\Windows\system32\mscms.dll
0x000007fee6480000 - 0x000007fee64c2000 	C:\Windows\system32\icm32.dll
0x000007fef0cf0000 - 0x000007fef0e0d000 	C:\Windows\system32\OpenGL32.dll
0x000007fef0fc0000 - 0x000007fef0fed000 	C:\Windows\system32\GLU32.dll
0x000007fef0bf0000 - 0x000007fef0ce1000 	C:\Windows\system32\DDRAW.dll
0x000007fef0fb0000 - 0x000007fef0fb8000 	C:\Windows\system32\DCIMAN32.dll
0x0000000064500000 - 0x00000000645b1000 	C:\Users\GBarbieri\AppData\Local\Temp\jogamp_0000\file_cache\jln8269756081556981111\jln4657533616301046090\natives\windows-amd64\jogl_desktop.dll
0x0000000064340000 - 0x00000000643a2000 	C:\Users\GBarbieri\AppData\Local\Temp\jogamp_0000\file_cache\jln8269756081556981111\jln4657533616301046090\natives\windows-amd64\jogl_mobile.dll
0x0000000024ff0000 - 0x0000000026e37000 	C:\Windows\system32\nvoglv64.DLL
0x000007fefc3c0000 - 0x000007fefc3d1000 	C:\Windows\system32\WTSAPI32.dll
0x000007fef11d0000 - 0x000007fef12f5000 	C:\Windows\system32\dbghelp.dll
0x000007fefd1b0000 - 0x000007fefd1eb000 	C:\Windows\system32\WINTRUST.dll
0x000007fefd2a0000 - 0x000007fefd40d000 	C:\Windows\system32\CRYPT32.dll
0x000007fefd170000 - 0x000007fefd17f000 	C:\Windows\system32\MSASN1.dll
0x000007fefb170000 - 0x000007fefb19d000 	C:\Windows\system32\ntmarta.dll
0x000007feff0b0000 - 0x000007feff102000 	C:\Windows\system32\WLDAP32.dll
0x000007fefc4e0000 - 0x000007fefc51d000 	C:\Windows\system32\WINSTA.dll
0x000007feee820000 - 0x000007feee86f000 	C:\Users\GBarbieri\Documents\NetBeansProjects\jopenvr\jopenvr\build\classes\win64\openvr_api.dll
0x000007feedc70000 - 0x000007feedf16000 	C:\Program Files (x86)\Steam\steamapps\common\SteamVR\bin\vrclient_x64.dll
0x000007fef8fd0000 - 0x000007fef91a5000 	C:\Windows\system32\d3d11.dll
0x000007fef9b30000 - 0x000007fef9b8d000 	C:\Windows\system32\dxgi.dll
0x000007feedbc0000 - 0x000007feedc66000 	C:\Windows\system32\MSVCP120.dll
0x000007feedad0000 - 0x000007feedbbf000 	C:\Windows\system32\MSVCR120.dll
0x000007feed930000 - 0x000007feedac9000 	C:\Program Files (x86)\Steam\steamapps\common\SteamVR\drivers\lighthouse\bin\win64\driver_lighthouse.dll
0x000007fef2c30000 - 0x000007fef2c3e000 	C:\Program Files (x86)\Steam\steamapps\common\SteamVR\drivers\lighthouse\bin\win64\aitcamlib.dll
0x000007feef200000 - 0x000007feef21c000 	C:\Program Files (x86)\Steam\steamapps\common\SteamVR\drivers\lighthouse\bin\win64\AitUVCExtApi.dll
0x000007fee7570000 - 0x000007fee77fa000 	C:\Program Files (x86)\Steam\steamapps\common\SteamVR\drivers\lighthouse\bin\win64\AitH264Capture.dll
0x000007fefa100000 - 0x000007fefa107000 	C:\Windows\system32\MSIMG32.dll
0x000007fef9c10000 - 0x000007fef9c81000 	C:\Windows\system32\WINSPOOL.DRV
0x000007fefa630000 - 0x000007fefa684000 	C:\Windows\system32\OLEACC.dll
0x000007fefb4d0000 - 0x000007fefb6e6000 	C:\Windows\WinSxS\amd64_microsoft.windows.gdiplus_6595b64144ccf1df_1.1.7601.23508_none_145555328b95eaaa\gdiplus.dll
0x000007fef9d30000 - 0x000007fefa0e5000 	C:\Windows\system32\nvapi64.dll
0x000007fef8d70000 - 0x000007fef8d96000 	C:\Windows\system32\DXGIDebug.dll
0x000007fef6040000 - 0x000007fef7255000 	C:\Windows\system32\nvwgf2umx.dll
0x000007fefcaf0000 - 0x000007fefcb12000 	C:\Windows\system32\bcrypt.dll

VM Arguments:
jvm_args: -Dfile.encoding=UTF-8 
java_command: helloVr.Application
java_class_path (initial): C:\Users\GBarbieri\Documents\NetBeansProjects\jopenvr\jopenvr\build\classes;C:\Users\GBarbieri\Documents\NetBeansProjects\ec4\libs\opengl\gluegen-rt-natives-windows-amd64.jar;C:\Users\GBarbieri\Documents\NetBeansProjects\ec4\libs\opengl\gluegen-rt.jar;C:\Users\GBarbieri\Documents\NetBeansProjects\ec4\libs\opengl\jogl-all-natives-windows-amd64.jar;C:\Users\GBarbieri\Documents\NetBeansProjects\ec4\libs\opengl\jogl-all.jar;C:\Users\GBarbieri\Documents\NetBeansProjects\ec4\libs\opengl\jogl-test.jar;C:\Users\GBarbieri\Documents\NetBeansProjects\jopenvr\jopenvr\dependencies\jna\jna-4.2.2.jar;C:\Users\GBarbieri\Documents\NetBeansProjects\Jglm\Jglm\build\classes;C:\Users\GBarbieri\Documents\NetBeansProjects\java-unofficial-opengl-SDK\javaUnofficialOpenglSDK\build\classes;C:\Users\GBarbieri\Documents\NetBeansProjects\jgli\build\libs\jgli.jar;C:\Users\GBarbieri\Documents\NetBeansProjects\ec4\libs\streamex\streamex-0.6.2-SNAPSHOT.jar;C:\Users\GBarbieri\Documents\NetBeansProjects\jogl-hello-vr\jogl-hello-vr\build\classes
Launcher Type: SUN_STANDARD

Environment Variables:
PATH=C:\ProgramData\Oracle\Java\javapath;C:\jet11.0-eval-amd64\bin;C:\Windows\system32;C:\Windows;C:\Windows\System32\Wbem;C:\Windows\System32\WindowsPowerShell\v1.0\;cygwin-directory\bin;C:\Program Files (x86)\CMake\bin;C:\Program Files (x86)\Windows Kits\8.1\Windows Performance Toolkit\;C:\Program Files\Microsoft\Web Platform Installer\;C:\Program Files (x86)\Skype\Phone\;C:\Program Files\Microsoft SQL Server\110\Tools\Binn\;C:\Users\GBarbieri\Documents\NetBeansProjects\nifty-gui\nifty-examples\target\natives;C:\Program Files (x86)\Microsoft SDKs\TypeScript\1.0\;C:\Program Files\Microsoft SQL Server\120\Tools\Binn\;C:\Program Files (x86)\Windows Kits\10\Windows Performance Toolkit\;C:\Program Files\Git\cmd
USERNAME=GBarbieri
OS=Windows_NT
PROCESSOR_IDENTIFIER=Intel64 Family 6 Model 60 Stepping 3, GenuineIntel



---------------  S Y S T E M  ---------------

OS: Windows 7 , 64 bit Build 7601 (6.1.7601.23455)

CPU:total 8 (4 cores per cpu, 2 threads per core) family 6 model 60 stepping 3, cmov, cx8, fxsr, mmx, sse, sse2, sse3, ssse3, sse4.1, sse4.2, popcnt, avx, avx2, aes, clmul, erms, rtm, lzcnt, ht, tsc, tscinvbit, bmi1, bmi2

Memory: 4k page, physical 16694948k(8932400k free), swap 33388036k(24103768k free)

vm_info: Java HotSpot(TM) 64-Bit Server VM (25.102-b14) for windows-amd64 JRE (1.8.0_102-b14), built on Jun 22 2016 13:15:21 by "java_re" with MS VC++ 10.0 (VS2010)

time: Mon Aug 29 15:35:32 2016
elapsed time: 1 seconds (0d 0h 0m 1s)

